<?xml version="1.0" encoding="UTF-8"?>
<testng-results ignored="0" total="2" passed="2" failed="0" skipped="0">
  <reporter-output>
  </reporter-output>
  <suite started-at="2023-05-05T02:34:02 WAT" name="Default suite" finished-at="2023-05-05T02:34:33 WAT" duration-ms="30953">
    <groups>
    </groups>
    <test started-at="2023-05-05T02:34:02 WAT" name="Default test" finished-at="2023-05-05T02:34:33 WAT" duration-ms="30953">
      <class name="tests.loginwithBeforeMethod">
        <test-method is-config="true" signature="setup()[pri:0, instance:tests.loginwithBeforeMethod@26275bef]" started-at="2023-05-05T02:34:02 WAT" name="setup" finished-at="2023-05-05T02:34:15 WAT" duration-ms="12156" status="PASS">
          <reporter-output>
          </reporter-output>
        </test-method> <!-- setup -->
        <test-method signature="invalidLogin()[pri:0, instance:tests.loginwithBeforeMethod@26275bef]" started-at="2023-05-05T02:34:15 WAT" name="invalidLogin" finished-at="2023-05-05T02:34:18 WAT" duration-ms="3366" status="PASS">
          <reporter-output>
          </reporter-output>
        </test-method> <!-- invalidLogin -->
        <test-method is-config="true" signature="afterMyTest()[pri:0, instance:tests.loginwithBeforeMethod@26275bef]" started-at="2023-05-05T02:34:18 WAT" name="afterMyTest" finished-at="2023-05-05T02:34:19 WAT" duration-ms="647" status="PASS">
          <reporter-output>
          </reporter-output>
        </test-method> <!-- afterMyTest -->
        <test-method is-config="true" signature="setup()[pri:0, instance:tests.loginwithBeforeMethod@26275bef]" started-at="2023-05-05T02:34:19 WAT" name="setup" finished-at="2023-05-05T02:34:29 WAT" duration-ms="10516" status="PASS">
          <reporter-output>
          </reporter-output>
        </test-method> <!-- setup -->
        <test-method signature="validLogin()[pri:1, instance:tests.loginwithBeforeMethod@26275bef]" started-at="2023-05-05T02:34:29 WAT" name="validLogin" finished-at="2023-05-05T02:34:33 WAT" duration-ms="3586" status="PASS">
          <reporter-output>
          </reporter-output>
        </test-method> <!-- validLogin -->
        <test-method is-config="true" signature="afterMyTest()[pri:0, instance:tests.loginwithBeforeMethod@26275bef]" started-at="2023-05-05T02:34:33 WAT" name="afterMyTest" finished-at="2023-05-05T02:34:33 WAT" duration-ms="642" status="PASS">
          <reporter-output>
          </reporter-output>
        </test-method> <!-- afterMyTest -->
      </class> <!-- tests.loginwithBeforeMethod -->
    </test> <!-- Default test -->
  </suite> <!-- Default suite -->
</testng-results>
